<?xml version="1.0" encoding="UTF-8"?>
<!-- Generated by org.testng.reporters.JUnitReportReporter -->
<testsuite skipped="0" hostname="DESKTOP-INGQMR5" name="DW.DW002" tests="1" failures="0" timestamp="2020-09-30T13:59:45 IST" time="40.953" errors="0">
  <testcase name="CheckLogInLogOut" time="40.953" classname="DW.DW002"/>
  <system-out/>
</testsuite> <!-- DW.DW002 -->
